<?xml version="1.0" encoding="UTF-8"?>
<!-- Generated by org.testng.reporters.JUnitXMLReporter -->
<testsuite ignored="0" hostname="Lenovo-PC" failures="1" tests="12" name="Chrometest" time="0.258" errors="0" timestamp="2024-10-28T15:41:18 IST">
  <testcase classname="com.Epsondoms.ProductTest.WomensProductTest" name="addProduct" time="0.036"/>
  <testcase classname="com.Epsondoms.ProductTest.WomensProductTest" name="removeProduct" time="0.014"/>
  <testcase classname="com.Epsondoms.ProductTest.WomensProductTest" name="updateProduct" time="0.006"/>
  <testcase classname="com.Epsondoms.ProductTest.MensproductTest" name="addProduct" time="0.002"/>
  <testcase classname="com.Epsondoms.ProductTest.MensproductTest" name="removeProduct" time="0.002"/>
  <testcase classname="com.Epsondoms.ProductTest.MensproductTest" name="updateProduct" time="0.003"/>
  <testcase classname="com.Epsondoms.ProductTest.ElectronicProductTest" name="addProduct" time="0.002">
    <failure type="java.lang.Error" message="Unresolved compilation problem: 
	Syntax error on token &amp;quot;]&amp;quot;, delete this token
">
      <![CDATA[java.lang.Error: Unresolved compilation problem: 
Syntax error on token "]", delete this token

at com.Epsondoms.ProductTest.ElectronicProductTest.addProduct(ElectronicProductTest.java:14)
at java.base/java.util.ArrayList.forEach(ArrayList.java:1597)
... Removed 25 stack frames]]>
    </failure>
  </testcase> <!-- addProduct -->
  <testcase classname="com.Epsondoms.ProductTest.ElectronicProductTest" name="removeProduct" time="0.003"/>
  <testcase classname="com.Epsondoms.ProductTest.ElectronicProductTest" name="updateProduct" time="0.006"/>
  <testcase classname="com.Epsondoms.ProductTest.KidsProductTest" name="addProduct" time="0.008"/>
  <testcase classname="com.Epsondoms.ProductTest.KidsProductTest" name="removeProduct" time="0.003"/>
  <testcase classname="com.Epsondoms.ProductTest.KidsProductTest" name="updateProduct" time="0.004"/>
</testsuite> <!-- Chrometest -->
