<?xml version="1.0" encoding="UTF-8"?>
<testng-results ignored="0" total="3" passed="3" failed="0" skipped="0">
  <reporter-output>
    <line>
      <![CDATA[succefully launched the browser]]>
    </line>
    <line>
      <![CDATA[maximize the browser]]>
    </line>
    <line>
      <![CDATA[Succefully navigated to the given url]]>
    </line>
    <line>
      <![CDATA[Mobile textfield is displayed]]>
    </line>
    <line>
      <![CDATA[Verified text Succefully contact us HyperLink]]>
    </line>
    <line>
      <![CDATA[Execution completed succefully---]]>
    </line>
    <line>
      <![CDATA[Title Verified-pass]]>
    </line>
    <line>
      <![CDATA[Execution completed succefully---->>]]>
    </line>
    <line>
      <![CDATA[Title Verified-pass]]>
    </line>
    <line>
      <![CDATA[Execution completed succefully---->>]]>
    </line>
    <line>
      <![CDATA[close the browser success]]>
    </line>
  </reporter-output>
  <suite started-at="2024-11-06T09:53:10 IST" name="Functionality" finished-at="2024-11-06T09:53:52 IST" duration-ms="42761">
    <groups>
    </groups>
    <test started-at="2024-11-06T09:53:10 IST" name="ChromeTest" finished-at="2024-11-06T09:53:52 IST" duration-ms="42761">
      <class name="com.Epsondoms.WelcomeTest.VerifyWelcomePageTest">
        <test-method is-config="true" signature="Suitesetup()[pri:0, instance:com.Epsondoms.WelcomeTest.VerifyWelcomePageTest@e350b40]" started-at="2024-11-06T09:53:09 IST" name="Suitesetup" finished-at="2024-11-06T09:53:10 IST" duration-ms="533" status="PASS">
          <reporter-output>
          </reporter-output>
        </test-method> <!-- Suitesetup -->
        <test-method is-config="true" signature="BrowserSetup(java.lang.String,java.lang.String)[pri:0, instance:com.Epsondoms.WelcomeTest.VerifyWelcomePageTest@e350b40]" started-at="2024-11-06T09:53:10 IST" name="BrowserSetup" finished-at="2024-11-06T09:53:17 IST" duration-ms="7162" status="PASS">
          <params>
            <param index="0">
              <value>
                <![CDATA[chrome]]>
              </value>
            </param>
            <param index="1">
              <value>
                <![CDATA[file:///C:/Users/lenovo/eclipse-workspace/com.Swigy/src/main/resources/Softwares/webpage.html]]>
              </value>
            </param>
          </params>
          <reporter-output>
            <line>
              <![CDATA[succefully launched the browser]]>
            </line>
            <line>
              <![CDATA[maximize the browser]]>
            </line>
            <line>
              <![CDATA[Succefully navigated to the given url]]>
            </line>
          </reporter-output>
        </test-method> <!-- BrowserSetup -->
        <test-method signature="verifyWelcomepageWithValidInput()[pri:1, instance:com.Epsondoms.WelcomeTest.VerifyWelcomePageTest@e350b40]" started-at="2024-11-06T09:53:17 IST" name="verifyWelcomepageWithValidInput" finished-at="2024-11-06T09:53:43 IST" duration-ms="25994" status="PASS">
          <reporter-output>
            <line>
              <![CDATA[Mobile textfield is displayed]]>
            </line>
            <line>
              <![CDATA[Verified text Succefully contact us HyperLink]]>
            </line>
            <line>
              <![CDATA[Execution completed succefully---]]>
            </line>
          </reporter-output>
        </test-method> <!-- verifyWelcomepageWithValidInput -->
        <test-method signature="VerifyWelcomepageWithInvalidInput()[pri:2, instance:com.Epsondoms.WelcomeTest.VerifyWelcomePageTest@e350b40]" started-at="2024-11-06T09:53:43 IST" name="VerifyWelcomepageWithInvalidInput" finished-at="2024-11-06T09:53:47 IST" depends-on-methods="com.Epsondoms.WelcomeTest.VerifyWelcomePageTest.verifyWelcomepageWithValidInput" duration-ms="4256" status="PASS">
          <reporter-output>
            <line>
              <![CDATA[Title Verified-pass]]>
            </line>
            <line>
              <![CDATA[Execution completed succefully---->>]]>
            </line>
          </reporter-output>
        </test-method> <!-- VerifyWelcomepageWithInvalidInput -->
        <test-method signature="VerifyWelcomepageWithInvalidInput()[pri:2, instance:com.Epsondoms.WelcomeTest.VerifyWelcomePageTest@e350b40]" started-at="2024-11-06T09:53:47 IST" name="VerifyWelcomepageWithInvalidInput" finished-at="2024-11-06T09:53:51 IST" depends-on-methods="com.Epsondoms.WelcomeTest.VerifyWelcomePageTest.verifyWelcomepageWithValidInput" duration-ms="4319" status="PASS">
          <reporter-output>
            <line>
              <![CDATA[Title Verified-pass]]>
            </line>
            <line>
              <![CDATA[Execution completed succefully---->>]]>
            </line>
          </reporter-output>
        </test-method> <!-- VerifyWelcomepageWithInvalidInput -->
        <test-method is-config="true" signature="terminateBrowser()[pri:0, instance:com.Epsondoms.WelcomeTest.VerifyWelcomePageTest@e350b40]" started-at="2024-11-06T09:53:51 IST" name="terminateBrowser" finished-at="2024-11-06T09:53:52 IST" duration-ms="955" status="PASS">
          <reporter-output>
            <line>
              <![CDATA[close the browser success]]>
            </line>
          </reporter-output>
        </test-method> <!-- terminateBrowser -->
        <test-method is-config="true" signature="suiteTerminateSetup()[pri:0, instance:com.Epsondoms.WelcomeTest.VerifyWelcomePageTest@e350b40]" started-at="2024-11-06T09:53:52 IST" name="suiteTerminateSetup" finished-at="2024-11-06T09:53:53 IST" duration-ms="587" status="PASS">
          <reporter-output>
          </reporter-output>
        </test-method> <!-- suiteTerminateSetup -->
      </class> <!-- com.Epsondoms.WelcomeTest.VerifyWelcomePageTest -->
    </test> <!-- ChromeTest -->
  </suite> <!-- Functionality -->
</testng-results>
